<?xml version="1.0" encoding="UTF-8"?>
<testsuite xmlns:xsi="http://www.w3.org/2001/XMLSchema-instance" xsi:noNamespaceSchemaLocation="https://maven.apache.org/surefire/maven-surefire-plugin/xsd/surefire-test-report.xsd" name="com.upiara.poc.UserRepositoryH2IntegrationTest" time="4.082" tests="2" errors="2" skipped="0" failures="0">
  <properties>
[...]
</properties>
  <testcase name="repositoryCanReadSeededUsersFromView" classname="com.upiara.poc.UserRepositoryH2IntegrationTest" time="0.207">
    <error message="could not prepare statement; SQL [select user0_.id as id1_0_, user0_.birthday as birthday2_0_, user0_.language_code as language3_0_, user0_.language_description as language4_0_, user0_.name as name5_0_ from vw_users user0_]; nested exception is org.hibernate.exception.SQLGrammarException: could not prepare statement" type="org.springframework.dao.InvalidDataAccessResourceUsageException">org.springframework.dao.InvalidDataAccessResourceUsageException: could not prepare statement; SQL [select user0_.id as id1_0_, user0_.birthday as birthday2_0_, user0_.language_code as language3_0_, user0_.language_description as language4_0_, user0_.name as name5_0_ from vw_users user0_]; nested exception is org.hibernate.exception.SQLGrammarException: could not prepare statement
	at com.upiara.poc.UserRepositoryH2IntegrationTest.repositoryCanReadSeededUsersFromView(UserRepositoryH2IntegrationTest.java:36)
Caused by: org.hibernate.exception.SQLGrammarException: could not prepare statement
	at com.upiara.poc.UserRepositoryH2IntegrationTest.repositoryCanReadSeededUsersFromView(UserRepositoryH2IntegrationTest.java:36)
Caused by: org.h2.jdbc.JdbcSQLSyntaxErrorException: 
Table "VW_USERS" not found; SQL statement:
select user0_.id as id1_0_, user0_.birthday as birthday2_0_, user0_.language_code as language3_0_, user0_.language_description as language4_0_, user0_.name as name5_0_ from vw_users user0_ [42102-200]
	at com.upiara.poc.UserRepositoryH2IntegrationTest.repositoryCanReadSeededUsersFromView(UserRepositoryH2IntegrationTest.java:36)
</error>
    <system-out><![CDATA[23:59:26.579 [main] DEBUG org.springframework.test.context.BootstrapUtils - Instantiating CacheAwareContextLoaderDelegate from class [org.springframework.test.context.cache.DefaultCacheAwareContextLoaderDelegate]
23:59:26.588 [main] DEBUG org.springframework.test.context.BootstrapUtils - Instantiating BootstrapContext using constructor [public org.springframework.test.context.support.DefaultBootstrapContext(java.lang.Class,org.springframework.test.context.CacheAwareContextLoaderDelegate)]
23:59:26.620 [main] DEBUG org.springframework.test.context.BootstrapUtils - Instantiating TestContextBootstrapper for test class [com.upiara.poc.UserRepositoryH2IntegrationTest] from class [org.springframework.boot.test.context.SpringBootTestContextBootstrapper]
23:59:26.629 [main] INFO org.springframework.boot.test.context.SpringBootTestContextBootstrapper - Neither @ContextConfiguration nor @ContextHierarchy found for test class [com.upiara.poc.UserRepositoryH2IntegrationTest], using SpringBootContextLoader
23:59:26.631 [main] DEBUG org.springframework.test.context.support.AbstractContextLoader - Did not detect default resource location for test class [com.upiara.poc.UserRepositoryH2IntegrationTest]: class path resource [com/upiara/poc/UserRepositoryH2IntegrationTest-context.xml] does not exist
23:59:26.632 [main] DEBUG org.springframework.test.context.support.AbstractContextLoader - Did not detect default resource location for test class [com.upiara.poc.UserRepositoryH2IntegrationTest]: class path resource [com/upiara/poc/UserRepositoryH2IntegrationTestContext.groovy] does not exist
23:59:26.632 [main] INFO org.springframework.test.context.support.AbstractContextLoader - Could not detect default resource locations for test class [com.upiara.poc.UserRepositoryH2IntegrationTest]: no resource found for suffixes {-context.xml, Context.groovy}.
23:59:26.632 [main] INFO org.springframework.test.context.support.AnnotationConfigContextLoaderUtils - Could not detect default configuration classes for test class [com.upiara.poc.UserRepositoryH2IntegrationTest]: UserRepositoryH2IntegrationTest does not declare any static, non-private, non-final, nested classes annotated with @Configuration.
23:59:26.716 [main] DEBUG org.springframework.context.annotation.ClassPathScanningCandidateComponentProvider - Identified candidate component class: file [/home/kavia/workspace/code-generation/testSpringVue-316024/server/poc/target/classes/com/upiara/poc/PocApplication.class]
23:59:26.718 [main] INFO org.springframework.boot.test.context.SpringBootTestContextBootstrapper - Found @SpringBootConfiguration com.upiara.poc.PocApplication for test class com.upiara.poc.UserRepositoryH2IntegrationTest
23:59:26.787 [main] DEBUG org.springframework.boot.test.context.SpringBootTestContextBootstrapper - @TestExecutionListeners is not present for class [com.upiara.poc.UserRepositoryH2IntegrationTest]: using defaults.
23:59:26.787 [main] INFO org.springframework.boot.test.context.SpringBootTestContextBootstrapper - Loaded default TestExecutionListener class names from location [META-INF/spring.factories]: [org.springframework.boot.test.mock.mockito.MockitoTestExecutionListener, org.springframework.boot.test.mock.mockito.ResetMocksTestExecutionListener, org.springframework.boot.test.autoconfigure.restdocs.RestDocsTestExecutionListener, org.springframework.boot.test.autoconfigure.web.client.MockRestServiceServerResetTestExecutionListener, org.springframework.boot.test.autoconfigure.web.servlet.MockMvcPrintOnlyOnFailureTestExecutionListener, org.springframework.boot.test.autoconfigure.web.servlet.WebDriverTestExecutionListener, org.springframework.boot.test.autoconfigure.webservices.client.MockWebServiceServerTestExecutionListener, org.springframework.test.context.web.ServletTestExecutionListener, org.springframework.test.context.support.DirtiesContextBeforeModesTestExecutionListener, org.springframework.test.context.event.ApplicationEventsTestExecutionListener, org.springframework.test.context.support.DependencyInjectionTestExecutionListener, org.springframework.test.context.support.DirtiesContextTestExecutionListener, org.springframework.test.context.transaction.TransactionalTestExecutionListener, org.springframework.test.context.jdbc.SqlScriptsTestExecutionListener, org.springframework.test.context.event.EventPublishingTestExecutionListener]
23:59:26.798 [main] INFO org.springframework.boot.test.context.SpringBootTestContextBootstrapper - Using TestExecutionListeners: [org.springframework.test.context.web.ServletTestExecutionListener@4b7dc788, org.springframework.test.context.support.DirtiesContextBeforeModesTestExecutionListener@6304101a, org.springframework.test.context.event.ApplicationEventsTestExecutionListener@5170bcf4, org.springframework.boot.test.mock.mockito.MockitoTestExecutionListener@2812b107, org.springframework.boot.test.autoconfigure.SpringBootDependencyInjectionTestExecutionListener@df6620a, org.springframework.test.context.support.DirtiesContextTestExecutionListener@4e31276e, org.springframework.test.context.transaction.TransactionalTestExecutionListener@1a72a540, org.springframework.test.context.jdbc.SqlScriptsTestExecutionListener@27d5a580, org.springframework.test.context.event.EventPublishingTestExecutionListener@198d6542, org.springframework.boot.test.mock.mockito.ResetMocksTestExecutionListener@5e403b4a, org.springframework.boot.test.autoconfigure.restdocs.RestDocsTestExecutionListener@5117dd67, org.springframework.boot.test.autoconfigure.web.client.MockRestServiceServerResetTestExecutionListener@5be49b60, org.springframework.boot.test.autoconfigure.web.servlet.MockMvcPrintOnlyOnFailureTestExecutionListener@2931522b, org.springframework.boot.test.autoconfigure.web.servlet.WebDriverTestExecutionListener@7674b62c, org.springframework.boot.test.autoconfigure.webservices.client.MockWebServiceServerTestExecutionListener@19e7a160]
23:59:26.801 [main] DEBUG org.springframework.test.context.support.AbstractDirtiesContextTestExecutionListener - Before test class: context [DefaultTestContext@b978d10 testClass = UserRepositoryH2IntegrationTest, testInstance = [null], testMethod = [null], testException = [null], mergedContextConfiguration = [WebMergedContextConfiguration@5b7a8434 testClass = UserRepositoryH2IntegrationTest, locations = '{}', classes = '{class com.upiara.poc.PocApplication}', contextInitializerClasses = '[]', activeProfiles = '{test}', propertySourceLocations = '{}', propertySourceProperties = '{org.springframework.boot.test.context.SpringBootTestContextBootstrapper=true}', contextCustomizers = set[org.springframework.boot.test.context.filter.ExcludeFilterContextCustomizer@68567e20, org.springframework.boot.test.json.DuplicateJsonObjectContextCustomizerFactory$DuplicateJsonObjectContextCustomizer@394a2528, org.springframework.boot.test.mock.mockito.MockitoContextCustomizer@0, org.springframework.boot.test.web.client.TestRestTemplateContextCustomizer@45ca843, org.springframework.boot.test.autoconfigure.actuate.metrics.MetricsExportContextCustomizerFactory$DisableMetricExportContextCustomizer@236e3f4e, org.springframework.boot.test.autoconfigure.properties.PropertyMappingContextCustomizer@0, org.springframework.boot.test.autoconfigure.web.servlet.WebDriverContextCustomizerFactory$Customizer@152aa092, org.springframework.boot.test.context.SpringBootTestArgs@1, org.springframework.boot.test.context.SpringBootTestWebEnvironment@18eed359], resourceBasePath = 'src/main/webapp', contextLoader = 'org.springframework.boot.test.context.SpringBootContextLoader', parent = [null]], attributes = map['org.springframework.test.context.web.ServletTestExecutionListener.activateListener' -> true]], class annotated with @DirtiesContext [false] with mode [null].
23:59:26.827 [main] DEBUG org.springframework.core.env.StandardEnvironment - Activating profiles [test]
23:59:26.830 [main] DEBUG org.springframework.test.context.support.TestPropertySourceUtils - Adding inlined properties to environment: {spring.jmx.enabled=false, org.springframework.boot.test.context.SpringBootTestContextBootstrapper=true}

  .   ____          _            __ _ _
 /\\ / ___'_ __ _ _(_)_ __  __ _ \ \ \ \
( ( )\___ | '_ | '_| | '_ \/ _` | \ \ \ \
 \\/  ___)| |_)| | | | | || (_| |  ) ) ) )
  '  |____| .__|_| |_|_| |_\__, | / / / /
 =========|_|==============|___/=/_/_/_/
 :: Spring Boot ::                (v2.4.2)

2026-02-06 23:59:27 INFO  c.u.p.UserRepositoryH2IntegrationTest - Starting UserRepositoryH2IntegrationTest using Java 17.0.17 on a5758363bdd3 with PID 7785 (started by kavia in /home/kavia/workspace/code-generation/testSpringVue-316024/server/poc)
2026-02-06 23:59:27 INFO  c.u.p.UserRepositoryH2IntegrationTest - The following profiles are active: test
2026-02-06 23:59:27 INFO  o.s.d.r.c.RepositoryConfigurationDelegate - Bootstrapping Spring Data JPA repositories in DEFAULT mode.
2026-02-06 23:59:27 INFO  o.s.d.r.c.RepositoryConfigurationDelegate - Finished Spring Data repository scanning in 34 ms. Found 1 JPA repository interfaces.
2026-02-06 23:59:28 INFO  o.h.jpa.internal.util.LogHelper - HHH000204: Processing PersistenceUnitInfo [name: default]
2026-02-06 23:59:28 INFO  org.hibernate.Version - HHH000412: Hibernate ORM core version 5.4.27.Final
2026-02-06 23:59:28 INFO  o.h.annotations.common.Version - HCANN000001: Hibernate Commons Annotations {5.1.2.Final}
2026-02-06 23:59:28 INFO  com.zaxxer.hikari.HikariDataSource - HikariPool-1 - Starting...
2026-02-06 23:59:28 INFO  com.zaxxer.hikari.HikariDataSource - HikariPool-1 - Start completed.
2026-02-06 23:59:28 INFO  org.hibernate.dialect.Dialect - HHH000400: Using dialect: org.hibernate.dialect.H2Dialect
2026-02-06 23:59:28 INFO  o.h.e.t.j.p.i.JtaPlatformInitiator - HHH000490: Using JtaPlatform implementation: [org.hibernate.engine.transaction.jta.platform.internal.NoJtaPlatform]
2026-02-06 23:59:28 INFO  o.s.o.j.LocalContainerEntityManagerFactoryBean - Initialized JPA EntityManagerFactory for persistence unit 'default'
2026-02-06 23:59:29 WARN  o.s.b.a.o.j.JpaBaseConfiguration$JpaWebConfiguration - spring.jpa.open-in-view is enabled by default. Therefore, database queries may be performed during view rendering. Explicitly configure spring.jpa.open-in-view to disable this warning
2026-02-06 23:59:29 INFO  s.d.s.w.PropertySourcedRequestMappingHandlerMapping - Mapped URL path [/v2/api-docs] onto method [springfox.documentation.swagger2.web.Swagger2Controller#getDocumentation(String, HttpServletRequest)]
2026-02-06 23:59:29 INFO  o.s.s.c.ThreadPoolTaskExecutor - Initializing ExecutorService 'applicationTaskExecutor'
2026-02-06 23:59:30 INFO  s.d.s.w.p.DocumentationPluginsBootstrapper - Context refreshed
2026-02-06 23:59:30 INFO  s.d.s.w.p.DocumentationPluginsBootstrapper - Found 1 custom documentation plugin(s)
2026-02-06 23:59:30 INFO  s.d.s.w.s.ApiListingReferenceScanner - Scanning for api listing references
2026-02-06 23:59:30 INFO  c.u.p.UserRepositoryH2IntegrationTest - Started UserRepositoryH2IntegrationTest in 3.495 seconds (JVM running for 4.208)
2026-02-06 23:59:30 WARN  o.h.e.jdbc.spi.SqlExceptionHelper - SQL Error: 42102, SQLState: 42S02
2026-02-06 23:59:30 ERROR o.h.e.jdbc.spi.SqlExceptionHelper - Table "VW_USERS" not found; SQL statement:
select user0_.id as id1_0_, user0_.birthday as birthday2_0_, user0_.language_code as language3_0_, user0_.language_description as language4_0_, user0_.name as name5_0_ from vw_users user0_ [42102-200]
]]></system-out>
  </testcase>
  <testcase name="repositoryCanInsertViaViewAndReadComputedJoinFields" classname="com.upiara.poc.UserRepositoryH2IntegrationTest" time="0.02">
    <error message="could not prepare statement; SQL [insert into vw_users (birthday, language_code, language_description, name, id) values (?, ?, ?, ?, ?)]; nested exception is org.hibernate.exception.SQLGrammarException: could not prepare statement" type="org.springframework.dao.InvalidDataAccessResourceUsageException">org.springframework.dao.InvalidDataAccessResourceUsageException: could not prepare statement; SQL [insert into vw_users (birthday, language_code, language_description, name, id) values (?, ?, ?, ?, ?)]; nested exception is org.hibernate.exception.SQLGrammarException: could not prepare statement
	at com.upiara.poc.UserRepositoryH2IntegrationTest.repositoryCanInsertViaViewAndReadComputedJoinFields(UserRepositoryH2IntegrationTest.java:52)
Caused by: org.hibernate.exception.SQLGrammarException: could not prepare statement
	at com.upiara.poc.UserRepositoryH2IntegrationTest.repositoryCanInsertViaViewAndReadComputedJoinFields(UserRepositoryH2IntegrationTest.java:52)
Caused by: org.h2.jdbc.JdbcSQLSyntaxErrorException: 
Table "VW_USERS" not found; SQL statement:
insert into vw_users (birthday, language_code, language_description, name, id) values (?, ?, ?, ?, ?) [42102-200]
	at com.upiara.poc.UserRepositoryH2IntegrationTest.repositoryCanInsertViaViewAndReadComputedJoinFields(UserRepositoryH2IntegrationTest.java:52)
</error>
    <system-out><![CDATA[2026-02-06 23:59:30 WARN  o.h.e.jdbc.spi.SqlExceptionHelper - SQL Error: 42102, SQLState: 42S02
2026-02-06 23:59:30 ERROR o.h.e.jdbc.spi.SqlExceptionHelper - Table "VW_USERS" not found; SQL statement:
insert into vw_users (birthday, language_code, language_description, name, id) values (?, ?, ?, ?, ?) [42102-200]
]]></system-out>
  </testcase>
</testsuite>